2024-04-22 14:33:16:3316 [32minfo[39m: [32mSuccessfully connected to database[39m
2024-04-22 14:33:16:3316 [32minfo[39m: [32mListening on port: 4941[39m
2024-04-22 14:43:41:4341 [35mhttp[39m: [35m##### POST /users/register #####[39m
2024-04-22 14:45:32:4532 [35mhttp[39m: [35m##### POST /api/v1/users/register #####[39m
2024-04-22 14:45:39:4539 [35mhttp[39m: [35m##### POST /api/v1/users/login #####[39m
2024-04-22 14:46:03:463 [35mhttp[39m: [35m##### POST /api/v1/users/login #####[39m
2024-04-22 14:46:08:468 [35mhttp[39m: [35m##### POST /api/v1/users/login #####[39m
2024-04-22 14:46:08:468 [32minfo[39m: [32mpassword password => hash e08a5a1878c36974[39m
2024-04-22 14:46:15:4615 [35mhttp[39m: [35m##### POST /api/v1/users/register #####[39m
2024-04-22 14:46:21:4621 [35mhttp[39m: [35m##### POST /api/v1/users/register #####[39m
2024-04-22 14:46:25:4625 [35mhttp[39m: [35m##### POST /api/v1/users/register #####[39m
2024-04-22 14:46:29:4629 [35mhttp[39m: [35m##### POST /api/v1/users/register #####[39m
2024-04-22 14:46:34:4634 [35mhttp[39m: [35m##### POST /api/v1/users/register #####[39m
2024-04-22 14:46:45:4645 [35mhttp[39m: [35m##### GET /api/v1/users/NotANumber #####[39m
2024-04-22 14:46:50:4650 [35mhttp[39m: [35m##### GET /api/v1/users/22 #####[39m
2024-04-22 14:46:56:4656 [35mhttp[39m: [35m##### GET /api/v1/users/1 #####[39m
2024-04-22 14:47:08:478 [35mhttp[39m: [35m##### GET /api/v1/users/22/image #####[39m
2024-04-22 14:47:13:4713 [35mhttp[39m: [35m##### PUT /api/v1/users/22/image #####[39m
2024-04-22 14:47:19:4719 [35mhttp[39m: [35m##### GET /api/v1/users/22/image #####[39m
2024-04-22 14:47:22:4722 [35mhttp[39m: [35m##### PUT /api/v1/users/999999999/image #####[39m
2024-04-22 14:47:31:4731 [35mhttp[39m: [35m##### GET /api/v1/users/99999999/image #####[39m
2024-04-22 14:47:36:4736 [35mhttp[39m: [35m##### DELETE /api/v1/users/22/image #####[39m
2024-04-22 14:47:39:4739 [35mhttp[39m: [35m##### DELETE /api/v1/users/NotANumber/image #####[39m
2024-04-22 14:47:42:4742 [35mhttp[39m: [35m##### DELETE /api/v1/users/1/image #####[39m
2024-04-22 14:47:51:4751 [35mhttp[39m: [35m##### GET /api/v1/petitions #####[39m
2024-04-22 14:47:56:4756 [35mhttp[39m: [35m##### GET /api/v1/petitions #####[39m
2024-04-22 14:48:01:481 [35mhttp[39m: [35m##### GET /api/v1/petitions #####[39m
2024-04-22 14:48:05:485 [35mhttp[39m: [35m##### GET /api/v1/petitions #####[39m
2024-04-22 14:48:09:489 [35mhttp[39m: [35m##### GET /api/v1/petitions #####[39m
2024-04-22 14:48:13:4813 [35mhttp[39m: [35m##### GET /api/v1/petitions #####[39m
2024-04-22 14:48:21:4821 [35mhttp[39m: [35m##### GET /api/v1/petitions #####[39m
2024-04-22 14:48:25:4825 [35mhttp[39m: [35m##### GET /api/v1/petitions #####[39m
2024-04-22 14:48:30:4830 [35mhttp[39m: [35m##### GET /api/v1/petitions #####[39m
2024-04-22 14:51:26:5126 [35mhttp[39m: [35m##### GET /api/v1/heartbeat #####[39m
2024-04-22 14:51:26:5126 [35mhttp[39m: [35m##### POST /api/v1/reset #####[39m
2024-04-22 14:51:26:5126 [32minfo[39m: [32mResetting Database...[39m
2024-04-22 14:51:26:5126 [31merror[39m: [31mENOENT: no such file or directory, scandir './storage/images/'[39m
2024-04-22 14:51:26:5126 [35mhttp[39m: [35m##### POST /api/v1/resample #####[39m
2024-04-22 14:51:26:5126 [31merror[39m: [31mINSERT INTO `user` (`email`, `first_name`, `last_name`, `image_filename`, `password`) VALUES ('k@gmail.com', 'Kristy', 'Lincoln', 'user_1.jpg', 'e08a5a1878c36974'), ('c.anagonye@stjohns.edu.au', 'Chidi', 'Anagonye', 'user_2.png', 'e08a5a1878c36974'), ('tahani.aljamil@ox.ac.uk', 'Tahani', 'Al-Jamil', 'user_3.gif', 'e08a5a1878c36974'), ('e.shellstrop@hotmail.com', 'Eleanor', 'Shellstrop', 'user_4.jpg', 'e08a5a1878c36974'), ('B@gmail.com', 'Fernando', 'Brown', 'user_5.jpg', 'e08a5a1878c36974'), ('jeh128@mail.nz', 'Jack', 'Chen', 'user_6.jpg', 'e08a5a1878c36974'), ('a@gmail.com', 'Amanda', 'Faria', 'user_7.PNG', 'e08a5a1878c36974'), ('zhe25@mail.nz', 'Henry', 'Krippner', 'user_8.gif', 'e08a5a1878c36974'), ('lfg23@mail.nz', 'Ella', 'Yellow', 'user_9.PNG', 'e08a5a1878c36974'), ('ama541@mail.nz', 'Finn', 'Veale', NULL, 'e08a5a1878c36974'), ('boooooortles@hotmail.com', 'Jason', 'Mendoza', 'user_11.jpg', 'e08a5a1878c36974'), ('mindystclaire@gmail.com', 'Mindy', 'St. Claire', NULL, 'e08a5a1878c36974'), ('s.garnett@stjohns.edu.au', 'Simone', 'Garnett', NULL, 'e08a5a1878c36974'), ('pillboi@ymail.com', 'Steven', 'Peleaz', NULL, 'e08a5a1878c36974'), ('larryhemsworth@gmail.com', 'Larry', 'Hemsworth', NULL, 'e08a5a1878c36974'), ('kamilah.aljamil@ox.ac.uk', 'Kamilah', 'Al-Jamil', NULL, 'e08a5a1878c36974'), ('johnwheaton@gmail.com', 'John', 'Wheaton', NULL, 'e08a5a1878c36974'), ('tane.mahuta@example.com', 'Tane', 'Taumata', NULL, 'e08a5a1878c36974'), ('bobbyjones@example.com', 'Bob', 'Jones', NULL, 'e08a5a1878c36974'), ('m@m.com', 'Morgan', 'English', 'user_20.jpeg', 'e08a5a1878c36974')[39m
2024-04-22 14:51:26:5126 [31merror[39m: [31mDuplicate entry 'k@gmail.com' for key 'user.unique_key'[39m
2024-04-22 14:51:26:5126 [35mhttp[39m: [35m##### POST /api/v1/executeSql #####[39m
2024-04-22 14:51:27:5127 [35mhttp[39m: [35m##### POST /api/v1/reload #####[39m
2024-04-22 14:51:27:5127 [32minfo[39m: [32mResetting Database...[39m
2024-04-22 14:51:27:5127 [31merror[39m: [31mENOENT: no such file or directory, scandir './storage/images/'[39m
2024-04-22 14:54:06:546 [32minfo[39m: [32mSuccessfully connected to database[39m
2024-04-22 14:54:06:546 [32minfo[39m: [32mListening on port: 4941[39m
2024-04-22 14:54:17:5417 [35mhttp[39m: [35m##### GET /api/v1/heartbeat #####[39m
2024-04-22 14:54:21:5421 [35mhttp[39m: [35m##### POST /api/v1/reset #####[39m
2024-04-22 14:54:21:5421 [32minfo[39m: [32mResetting Database...[39m
2024-04-22 14:54:21:5421 [31merror[39m: [31mENOENT: no such file or directory, scandir './storage/images/'[39m
2024-04-22 14:59:54:5954 [32minfo[39m: [32mSuccessfully connected to database[39m
2024-04-22 14:59:54:5954 [32minfo[39m: [32mListening on port: 4941[39m
2024-04-22 15:00:00:00 [35mhttp[39m: [35m##### POST /api/v1/reset #####[39m
2024-04-22 15:00:00:00 [32minfo[39m: [32mResetting Database...[39m
2024-04-22 15:00:00:00 [31merror[39m: [31mENOENT: no such file or directory, scandir './storage/images/'[39m
2024-04-22 15:00:22:022 [35mhttp[39m: [35m##### POST /api/v1/reset #####[39m
2024-04-22 15:00:22:022 [32minfo[39m: [32mResetting Database...[39m
2024-04-22 15:00:22:022 [31merror[39m: [31mENOENT: no such file or directory, scandir './storage/images/'[39m
2024-04-22 15:01:14:114 [32minfo[39m: [32mSuccessfully connected to database[39m
2024-04-22 15:01:14:114 [32minfo[39m: [32mListening on port: 4941[39m
2024-04-22 15:01:18:118 [35mhttp[39m: [35m##### POST /api/v1/reset #####[39m
2024-04-22 15:01:18:118 [32minfo[39m: [32mResetting Database...[39m
2024-04-22 15:01:18:118 [31merror[39m: [31mENOENT: no such file or directory, scandir './storage/images/'[39m
2024-04-22 15:01:56:156 [32minfo[39m: [32mSuccessfully connected to database[39m
2024-04-22 15:01:56:156 [32minfo[39m: [32mListening on port: 4941[39m
2024-04-22 15:01:58:158 [35mhttp[39m: [35m##### POST /api/v1/reset #####[39m
2024-04-22 15:01:58:158 [32minfo[39m: [32mResetting Database...[39m
2024-04-22 15:01:58:158 [31merror[39m: [31mENOENT: no such file or directory, scandir './storage/images/'[39m
2024-04-22 15:02:30:230 [32minfo[39m: [32mSuccessfully connected to database[39m
2024-04-22 15:02:30:230 [32minfo[39m: [32mListening on port: 4941[39m
2024-04-22 15:02:32:232 [35mhttp[39m: [35m##### POST /api/v1/reset #####[39m
2024-04-22 15:02:32:232 [32minfo[39m: [32mResetting Database...[39m
2024-04-22 15:02:32:232 [31merror[39m: [31mENOENT: no such file or directory, scandir './storage/images/'[39m
2024-04-22 15:06:00:60 [32minfo[39m: [32mSuccessfully connected to database[39m
2024-04-22 15:06:00:60 [32minfo[39m: [32mListening on port: 4941[39m
2024-04-22 15:06:14:614 [35mhttp[39m: [35m##### POST /api/v1/reset #####[39m
2024-04-22 15:06:14:614 [32minfo[39m: [32mResetting Database...[39m
2024-04-22 15:06:14:614 [32minfo[39m: [32mGet imageDirectory[39m
2024-04-22 15:06:30:630 [35mhttp[39m: [35m##### GET /api/v1/heartbeat #####[39m
2024-04-22 15:06:30:630 [35mhttp[39m: [35m##### POST /api/v1/reset #####[39m
2024-04-22 15:06:30:630 [32minfo[39m: [32mResetting Database...[39m
2024-04-22 15:06:30:630 [32minfo[39m: [32mGet imageDirectory[39m
2024-04-22 15:06:30:630 [35mhttp[39m: [35m##### POST /api/v1/resample #####[39m
2024-04-22 15:06:30:630 [35mhttp[39m: [35m##### POST /api/v1/executeSql #####[39m
2024-04-22 15:06:30:630 [35mhttp[39m: [35m##### POST /api/v1/reload #####[39m
2024-04-22 15:06:30:630 [32minfo[39m: [32mResetting Database...[39m
2024-04-22 15:06:30:630 [32minfo[39m: [32mGet imageDirectory[39m
2024-04-22 15:06:30:630 [35mhttp[39m: [35m##### POST /api/v1/users/register #####[39m
2024-04-22 15:06:30:630 [35mhttp[39m: [35m##### POST /api/v1/users/login #####[39m
2024-04-22 15:06:30:630 [35mhttp[39m: [35m##### POST /api/v1/users/login #####[39m
2024-04-22 15:06:30:630 [32minfo[39m: [32mpassword password => hash e08a5a1878c36974[39m
2024-04-22 15:06:30:630 [35mhttp[39m: [35m##### POST /api/v1/users/register #####[39m
2024-04-22 15:06:30:630 [35mhttp[39m: [35m##### POST /api/v1/users/register #####[39m
2024-04-22 15:06:31:631 [35mhttp[39m: [35m##### POST /api/v1/users/register #####[39m
2024-04-22 15:06:31:631 [35mhttp[39m: [35m##### POST /api/v1/users/register #####[39m
2024-04-22 15:06:31:631 [35mhttp[39m: [35m##### POST /api/v1/users/register #####[39m
2024-04-22 15:06:31:631 [35mhttp[39m: [35m##### GET /api/v1/users/NotANumber #####[39m
2024-04-22 15:06:31:631 [35mhttp[39m: [35m##### GET /api/v1/users/21 #####[39m
2024-04-22 15:06:31:631 [35mhttp[39m: [35m##### GET /api/v1/users/1 #####[39m
2024-04-22 15:06:31:631 [35mhttp[39m: [35m##### PATCH /api/v1/users/NotANumber #####[39m
2024-04-22 15:06:31:631 [35mhttp[39m: [35m##### PATCH /api/v1/users/21 #####[39m
2024-04-22 15:06:31:631 [31merror[39m: [31mUPDATE `user`[39m
[31m                 SET `email`      = NULL,[39m
[31m                     `first_name` = NULL,[39m
[31m                     `last_name`  = NULL,[39m
[31m                     `password`   = 'e08a5a1878c36974',[39m
[31m                     WHERE `id` = NULL[39m
2024-04-22 15:06:31:631 [31merror[39m: [31mYou have an error in your SQL syntax; check the manual that corresponds to your MySQL server version for the right syntax to use near 'WHERE `id` = NULL' at line 6[39m
2024-04-22 15:06:31:631 [35mhttp[39m: [35m##### PATCH /api/v1/users/21 #####[39m
2024-04-22 15:06:31:631 [31merror[39m: [31mUPDATE `user`[39m
[31m                 SET `email`      = NULL,[39m
[31m                     `first_name` = NULL,[39m
[31m                     `last_name`  = NULL,[39m
[31m                     `password`   = '567ceea376c2625e',[39m
[31m                     WHERE `id` = NULL[39m
2024-04-22 15:06:31:631 [31merror[39m: [31mYou have an error in your SQL syntax; check the manual that corresponds to your MySQL server version for the right syntax to use near 'WHERE `id` = NULL' at line 6[39m
2024-04-22 15:06:31:631 [35mhttp[39m: [35m##### PATCH /api/v1/users/21 #####[39m
2024-04-22 15:06:31:631 [31merror[39m: [31mUPDATE `user`[39m
[31m                 SET `email`      = NULL,[39m
[31m                     `first_name` = NULL,[39m
[31m                     `last_name`  = NULL,[39m
[31m                     `password`   = NULL,[39m
[31m                     WHERE `id` = NULL[39m
2024-04-22 15:06:31:631 [31merror[39m: [31mYou have an error in your SQL syntax; check the manual that corresponds to your MySQL server version for the right syntax to use near 'WHERE `id` = NULL' at line 6[39m
2024-04-22 15:06:31:631 [35mhttp[39m: [35m##### PATCH /api/v1/users/21 #####[39m
2024-04-22 15:06:31:631 [35mhttp[39m: [35m##### PATCH /api/v1/users/21 #####[39m
2024-04-22 15:06:31:631 [35mhttp[39m: [35m##### POST /api/v1/users/logout #####[39m
2024-04-22 15:06:31:631 [35mhttp[39m: [35m##### GET /api/v1/users/21 #####[39m
2024-04-22 15:06:31:631 [35mhttp[39m: [35m##### POST /api/v1/users/login #####[39m
2024-04-22 15:06:31:631 [35mhttp[39m: [35m##### POST /api/v1/executeSql #####[39m
2024-04-22 15:06:31:631 [35mhttp[39m: [35m##### GET /api/v1/users/21/image #####[39m
2024-04-22 15:06:31:631 [35mhttp[39m: [35m##### PUT /api/v1/users/21/image #####[39m
2024-04-22 15:06:31:631 [35mhttp[39m: [35m##### GET /api/v1/users/21/image #####[39m
2024-04-22 15:06:31:631 [35mhttp[39m: [35m##### PUT /api/v1/users/999999999/image #####[39m
2024-04-22 15:06:31:631 [35mhttp[39m: [35m##### GET /api/v1/users/99999999/image #####[39m
2024-04-22 15:06:31:631 [35mhttp[39m: [35m##### DELETE /api/v1/users/21/image #####[39m
2024-04-22 15:06:31:631 [35mhttp[39m: [35m##### DELETE /api/v1/users/NotANumber/image #####[39m
2024-04-22 15:06:31:631 [35mhttp[39m: [35m##### DELETE /api/v1/users/1/image #####[39m
2024-04-22 15:06:31:631 [35mhttp[39m: [35m##### GET /api/v1/petitions #####[39m
2024-04-22 15:06:31:631 [35mhttp[39m: [35m##### GET /api/v1/petitions #####[39m
2024-04-22 15:06:31:631 [35mhttp[39m: [35m##### GET /api/v1/petitions #####[39m
2024-04-22 15:06:31:631 [35mhttp[39m: [35m##### GET /api/v1/petitions #####[39m
2024-04-22 15:06:31:631 [35mhttp[39m: [35m##### GET /api/v1/petitions #####[39m
2024-04-22 15:06:31:631 [35mhttp[39m: [35m##### GET /api/v1/petitions #####[39m
2024-04-22 15:06:31:631 [35mhttp[39m: [35m##### GET /api/v1/petitions #####[39m
2024-04-22 15:06:31:631 [35mhttp[39m: [35m##### GET /api/v1/petitions #####[39m
2024-04-22 15:06:31:631 [35mhttp[39m: [35m##### GET /api/v1/petitions #####[39m
2024-04-22 15:06:31:631 [35mhttp[39m: [35m##### GET /api/v1/petitions #####[39m
2024-04-22 15:06:31:631 [35mhttp[39m: [35m##### GET /api/v1/petitions #####[39m
2024-04-22 15:06:31:631 [35mhttp[39m: [35m##### GET /api/v1/petitions/1 #####[39m
2024-04-22 15:06:31:631 [35mhttp[39m: [35m##### GET /api/v1/petitions/9999 #####[39m
2024-04-22 15:06:31:631 [31merror[39m: [31mCannot read properties of null (reading 'id')[39m
2024-04-22 15:06:31:631 [35mhttp[39m: [35m##### GET /api/v1/petitions/categories #####[39m
2024-04-22 15:06:31:631 [35mhttp[39m: [35m##### POST /api/v1/petitions #####[39m
2024-04-22 15:06:31:631 [31merror[39m: [31mCannot use 'in' operator to search for 'title' in undefined[39m
2024-04-22 15:06:31:631 [35mhttp[39m: [35m##### POST /api/v1/petitions #####[39m
2024-04-22 15:06:31:631 [31merror[39m: [31mCannot use 'in' operator to search for 'title' in undefined[39m
2024-04-22 15:06:31:631 [35mhttp[39m: [35m##### POST /api/v1/petitions #####[39m
2024-04-22 15:06:31:631 [31merror[39m: [31mCannot use 'in' operator to search for 'title' in undefined[39m
2024-04-22 15:06:31:631 [35mhttp[39m: [35m##### POST /api/v1/petitions #####[39m
2024-04-22 15:06:31:631 [31merror[39m: [31mCannot use 'in' operator to search for 'title' in undefined[39m
2024-04-22 15:06:31:631 [35mhttp[39m: [35m##### POST /api/v1/petitions #####[39m
2024-04-22 15:06:31:631 [35mhttp[39m: [35m##### POST /api/v1/petitions #####[39m
2024-04-22 15:06:31:631 [31merror[39m: [31mCannot use 'in' operator to search for 'title' in undefined[39m
2024-04-22 15:06:31:631 [35mhttp[39m: [35m##### POST /api/v1/petitions #####[39m
2024-04-22 15:06:31:631 [31merror[39m: [31mCannot use 'in' operator to search for 'title' in undefined[39m
2024-04-22 15:06:31:631 [35mhttp[39m: [35m##### PATCH /api/v1/petitions/1 #####[39m
2024-04-22 15:06:31:631 [35mhttp[39m: [35m##### PATCH /api/v1/petitions/%7B%7Bpost_petition_id%7D%7D #####[39m
2024-04-22 15:06:31:631 [35mhttp[39m: [35m##### PATCH /api/v1/petitions/%7B%7Bpost_petition_id%7D%7D #####[39m
2024-04-22 15:06:31:631 [35mhttp[39m: [35m##### PATCH /api/v1/petitions/%7B%7Bpost_petition_id%7D%7D #####[39m
2024-04-22 15:06:31:631 [35mhttp[39m: [35m##### PATCH /api/v1/petitions/not_an_id #####[39m
2024-04-22 15:06:31:631 [35mhttp[39m: [35m##### PATCH /api/v1/petitions/%7B%7Bpost_petition_id%7D%7D #####[39m
2024-04-22 15:06:31:631 [35mhttp[39m: [35m##### GET /api/v1/petitions/%7B%7Bpost_petition_id%7D%7D #####[39m
2024-04-22 15:06:31:631 [35mhttp[39m: [35m##### PATCH /api/v1/petitions/%7B%7Bpost_petition_id%7D%7D #####[39m
2024-04-22 15:06:31:631 [35mhttp[39m: [35m##### GET /api/v1/petitions/%7B%7Bpost_petition_id%7D%7D #####[39m
2024-04-22 15:06:31:631 [35mhttp[39m: [35m##### DELETE /api/v1/petitions/9999 #####[39m
2024-04-22 15:06:31:631 [31merror[39m: [31mCannot read properties of null (reading 'ownerId')[39m
2024-04-22 15:06:31:631 [35mhttp[39m: [35m##### POST /api/v1/executeSql #####[39m
2024-04-22 15:06:31:631 [35mhttp[39m: [35m##### DELETE /api/v1/petitions/12345 #####[39m
2024-04-22 15:06:31:631 [35mhttp[39m: [35m##### DELETE /api/v1/petitions/%7B%7Bpost_petition_id%7D%7D #####[39m
2024-04-22 15:06:31:631 [35mhttp[39m: [35m##### POST /api/v1/petitions #####[39m
2024-04-22 15:06:31:631 [31merror[39m: [31mCannot use 'in' operator to search for 'title' in undefined[39m
2024-04-22 15:06:31:631 [35mhttp[39m: [35m##### GET /api/v1/petitions/%7B%7Bpost_petition_id%7D%7D #####[39m
2024-04-22 15:06:32:632 [35mhttp[39m: [35m##### PUT /api/v1/petitions/not_an_id/supportTiers #####[39m
2024-04-22 15:06:32:632 [35mhttp[39m: [35m##### PUT /api/v1/petitions/9999/supportTiers #####[39m
2024-04-22 15:06:32:632 [35mhttp[39m: [35m##### PUT /api/v1/petitions/%7B%7Bpost_petition_id%7D%7D/supportTiers #####[39m
2024-04-22 15:06:32:632 [35mhttp[39m: [35m##### PUT /api/v1/petitions/%7B%7Bpost_petition_id%7D%7D/supportTiers #####[39m
2024-04-22 15:06:32:632 [35mhttp[39m: [35m##### PUT /api/v1/petitions/%7B%7Bpost_petition_id%7D%7D/supportTiers #####[39m
2024-04-22 15:06:32:632 [35mhttp[39m: [35m##### POST /api/v1/petitions #####[39m
2024-04-22 15:06:32:632 [31merror[39m: [31mCannot use 'in' operator to search for 'title' in undefined[39m
2024-04-22 15:06:32:632 [35mhttp[39m: [35m##### PUT /api/v1/petitions/%7B%7Bpost_petition_3_support_tiers_id%7D%7D/supportTiers #####[39m
2024-04-22 15:06:32:632 [35mhttp[39m: [35m##### PATCH /api/v1/petitions/1/supportTiers/1 #####[39m
2024-04-22 15:06:32:632 [35mhttp[39m: [35m##### PATCH /api/v1/petitions/%7B%7Bpost_petition_id%7D%7D/supportTiers/%7B%7Bpost_petition_support_tier_id%7D%7D #####[39m
2024-04-22 15:06:32:632 [35mhttp[39m: [35m##### PATCH /api/v1/petitions/%7B%7Bpost_petition_id%7D%7D/supportTiers/%7B%7Bpost_petition_support_tier_id%7D%7D #####[39m
2024-04-22 15:06:32:632 [35mhttp[39m: [35m##### PATCH /api/v1/petitions/%7B%7Bpost_petition_id%7D%7D/supportTiers/%7B%7Bpost_petition_support_tier_id%7D%7D #####[39m
2024-04-22 15:06:32:632 [35mhttp[39m: [35m##### GET /api/v1/petitions/%7B%7Bpost_petition_id%7D%7D #####[39m
2024-04-22 15:06:32:632 [35mhttp[39m: [35m##### PATCH /api/v1/petitions/%7B%7Bpost_petition_id%7D%7D/supportTiers/%7B%7Bpost_petition_support_tier_id%7D%7D #####[39m
2024-04-22 15:06:32:632 [35mhttp[39m: [35m##### GET /api/v1/petitions/%7B%7Bpost_petition_id%7D%7D #####[39m
2024-04-22 15:06:32:632 [35mhttp[39m: [35m##### POST /api/v1/executeSql #####[39m
2024-04-22 15:06:32:632 [35mhttp[39m: [35m##### PATCH /api/v1/petitions/123456/supportTiers/123456 #####[39m
2024-04-22 15:06:32:632 [35mhttp[39m: [35m##### DELETE /api/v1/petitions/not_a_number/supportTiers/%7B%7Bpost_petition_support_tier_id%7D%7D #####[39m
2024-04-22 15:06:32:632 [35mhttp[39m: [35m##### DELETE /api/v1/petitions/123456/supportTiers/123457 #####[39m
2024-04-22 15:06:32:632 [35mhttp[39m: [35m##### DELETE /api/v1/petitions/%7B%7Bpost_petition_id%7D%7D/supportTiers/9999 #####[39m
2024-04-22 15:06:32:632 [35mhttp[39m: [35m##### DELETE /api/v1/petitions/%7B%7Bpost_petition_id%7D%7D/supportTiers/%7B%7Bpost_petition_support_tier_id%7D%7D #####[39m
2024-04-22 15:06:32:632 [35mhttp[39m: [35m##### GET /api/v1/petitions/1/supporters #####[39m
2024-04-22 15:06:32:632 [31merror[39m: [31mCannot read properties of null (reading 'id')[39m
2024-04-22 15:06:32:632 [35mhttp[39m: [35m##### POST /api/v1/petitions/not_an_id/supporters #####[39m
2024-04-22 15:06:32:632 [35mhttp[39m: [35m##### POST /api/v1/petitions/1/supporters #####[39m
2024-04-22 15:06:32:632 [35mhttp[39m: [35m##### POST /api/v1/petitions/1/supporters #####[39m
2024-04-22 15:06:32:632 [35mhttp[39m: [35m##### POST /api/v1/petitions/1/supporters #####[39m
2024-04-22 15:06:32:632 [31merror[39m: [31mINSERT INTO `supporter` (`petition_id`, `support_tier_id`, `user_id`, `message`, `timestamp`) VALUES (1, 1, 21, 'example message', '2024-04-22 15:06:32.452')[39m
2024-04-22 15:06:32:632 [31merror[39m: [31mDuplicate entry '1-21' for key 'supporter.support_tier_id'[39m
2024-04-22 15:06:32:632 [35mhttp[39m: [35m##### POST /api/v1/petitions/1/supporters #####[39m
2024-04-22 15:06:32:632 [35mhttp[39m: [35m##### GET /api/v1/petitions/1/image #####[39m
2024-04-22 15:06:32:632 [35mhttp[39m: [35m##### GET /api/v1/petitions/%7B%7Bpost_petition_id%7D%7D/image #####[39m
2024-04-22 15:06:32:632 [35mhttp[39m: [35m##### PUT /api/v1/petitions/%7B%7Bpost_petition_id%7D%7D/image #####[39m
2024-04-22 15:06:32:632 [35mhttp[39m: [35m##### GET /api/v1/petitions/%7B%7Bpost_petition_id%7D%7D/image #####[39m
2024-04-22 15:06:32:632 [35mhttp[39m: [35m##### PUT /api/v1/petitions/%7B%7Bpost_petition_id%7D%7D/image #####[39m
2024-04-22 15:06:32:632 [35mhttp[39m: [35m##### GET /api/v1/petitions/%7B%7Bpost_petition_id%7D%7D/image #####[39m
2024-04-22 15:06:32:632 [35mhttp[39m: [35m##### PUT /api/v1/petitions/%7B%7Bpost_petition_id%7D%7D/image #####[39m
2024-04-22 22:55:38:5538 [32minfo[39m: [32mSuccessfully connected to database[39m
2024-04-22 22:55:38:5538 [32minfo[39m: [32mListening on port: 4941[39m
2024-04-22 22:58:17:5817 [35mhttp[39m: [35m##### GET /api/v1/heartbeat #####[39m
2024-04-22 22:58:17:5817 [35mhttp[39m: [35m##### POST /api/v1/reset #####[39m
2024-04-22 22:58:17:5817 [32minfo[39m: [32mResetting Database...[39m
2024-04-22 22:58:17:5817 [32minfo[39m: [32mGet imageDirectory[39m
2024-04-22 22:58:17:5817 [35mhttp[39m: [35m##### POST /api/v1/resample #####[39m
2024-04-22 22:58:18:5818 [35mhttp[39m: [35m##### POST /api/v1/executeSql #####[39m
2024-04-22 22:58:18:5818 [35mhttp[39m: [35m##### POST /api/v1/reload #####[39m
2024-04-22 22:58:18:5818 [32minfo[39m: [32mResetting Database...[39m
2024-04-22 22:58:18:5818 [32minfo[39m: [32mGet imageDirectory[39m
2024-04-22 22:58:18:5818 [35mhttp[39m: [35m##### POST /api/v1/users/register #####[39m
2024-04-22 22:58:18:5818 [35mhttp[39m: [35m##### POST /api/v1/users/login #####[39m
2024-04-22 22:58:18:5818 [35mhttp[39m: [35m##### POST /api/v1/users/login #####[39m
2024-04-22 22:58:18:5818 [32minfo[39m: [32mpassword password => hash e08a5a1878c36974[39m
2024-04-22 22:58:18:5818 [35mhttp[39m: [35m##### POST /api/v1/users/register #####[39m
2024-04-22 22:58:18:5818 [35mhttp[39m: [35m##### POST /api/v1/users/register #####[39m
2024-04-22 22:58:18:5818 [35mhttp[39m: [35m##### POST /api/v1/users/register #####[39m
2024-04-22 22:58:18:5818 [35mhttp[39m: [35m##### POST /api/v1/users/register #####[39m
2024-04-22 22:58:18:5818 [35mhttp[39m: [35m##### POST /api/v1/users/register #####[39m
2024-04-22 22:58:18:5818 [35mhttp[39m: [35m##### GET /api/v1/users/NotANumber #####[39m
2024-04-22 22:58:18:5818 [35mhttp[39m: [35m##### GET /api/v1/users/21 #####[39m
2024-04-22 22:58:18:5818 [35mhttp[39m: [35m##### GET /api/v1/users/1 #####[39m
2024-04-22 22:58:18:5818 [35mhttp[39m: [35m##### PATCH /api/v1/users/NotANumber #####[39m
2024-04-22 22:58:18:5818 [35mhttp[39m: [35m##### PATCH /api/v1/users/21 #####[39m
2024-04-22 22:58:18:5818 [31merror[39m: [31mUPDATE `user`[39m
[31m                 SET `email`      = NULL,[39m
[31m                     `first_name` = NULL,[39m
[31m                     `last_name`  = NULL,[39m
[31m                     `password`   = 'e08a5a1878c36974',[39m
[31m                     WHERE `id` = NULL[39m
2024-04-22 22:58:18:5818 [31merror[39m: [31mYou have an error in your SQL syntax; check the manual that corresponds to your MySQL server version for the right syntax to use near 'WHERE `id` = NULL' at line 6[39m
2024-04-22 22:58:18:5818 [35mhttp[39m: [35m##### PATCH /api/v1/users/21 #####[39m
2024-04-22 22:58:18:5818 [31merror[39m: [31mUPDATE `user`[39m
[31m                 SET `email`      = NULL,[39m
[31m                     `first_name` = NULL,[39m
[31m                     `last_name`  = NULL,[39m
[31m                     `password`   = '567ceea376c2625e',[39m
[31m                     WHERE `id` = NULL[39m
2024-04-22 22:58:18:5818 [31merror[39m: [31mYou have an error in your SQL syntax; check the manual that corresponds to your MySQL server version for the right syntax to use near 'WHERE `id` = NULL' at line 6[39m
2024-04-22 22:58:18:5818 [35mhttp[39m: [35m##### PATCH /api/v1/users/21 #####[39m
2024-04-22 22:58:18:5818 [31merror[39m: [31mUPDATE `user`[39m
[31m                 SET `email`      = NULL,[39m
[31m                     `first_name` = NULL,[39m
[31m                     `last_name`  = NULL,[39m
[31m                     `password`   = NULL,[39m
[31m                     WHERE `id` = NULL[39m
2024-04-22 22:58:18:5818 [31merror[39m: [31mYou have an error in your SQL syntax; check the manual that corresponds to your MySQL server version for the right syntax to use near 'WHERE `id` = NULL' at line 6[39m
2024-04-22 22:58:18:5818 [35mhttp[39m: [35m##### PATCH /api/v1/users/21 #####[39m
2024-04-22 22:58:18:5818 [35mhttp[39m: [35m##### PATCH /api/v1/users/21 #####[39m
2024-04-22 22:58:18:5818 [35mhttp[39m: [35m##### POST /api/v1/users/logout #####[39m
2024-04-22 22:58:18:5818 [35mhttp[39m: [35m##### GET /api/v1/users/21 #####[39m
2024-04-22 22:58:18:5818 [35mhttp[39m: [35m##### POST /api/v1/users/login #####[39m
2024-04-22 22:58:18:5818 [35mhttp[39m: [35m##### POST /api/v1/executeSql #####[39m
2024-04-22 22:58:18:5818 [35mhttp[39m: [35m##### GET /api/v1/users/21/image #####[39m
2024-04-22 22:58:18:5818 [35mhttp[39m: [35m##### PUT /api/v1/users/21/image #####[39m
2024-04-22 22:58:18:5818 [35mhttp[39m: [35m##### GET /api/v1/users/21/image #####[39m
2024-04-22 22:58:18:5818 [35mhttp[39m: [35m##### PUT /api/v1/users/999999999/image #####[39m
2024-04-22 22:58:18:5818 [35mhttp[39m: [35m##### GET /api/v1/users/99999999/image #####[39m
2024-04-22 22:58:18:5818 [35mhttp[39m: [35m##### DELETE /api/v1/users/21/image #####[39m
2024-04-22 22:58:18:5818 [35mhttp[39m: [35m##### DELETE /api/v1/users/NotANumber/image #####[39m
2024-04-22 22:58:18:5818 [35mhttp[39m: [35m##### DELETE /api/v1/users/1/image #####[39m
2024-04-22 23:01:16:116 [35mhttp[39m: [35m##### POST /api/v1/users/register #####[39m
2024-04-22 23:02:09:29 [32minfo[39m: [32mSuccessfully connected to database[39m
2024-04-22 23:02:09:29 [32minfo[39m: [32mListening on port: 4941[39m
2024-04-22 23:02:15:215 [35mhttp[39m: [35m##### POST /api/v1/users/register #####[39m
2024-04-22 23:02:43:243 [32minfo[39m: [32mSuccessfully connected to database[39m
2024-04-22 23:02:43:243 [32minfo[39m: [32mListening on port: 4941[39m
2024-04-22 23:02:44:244 [35mhttp[39m: [35m##### POST /api/v1/users/register #####[39m
2024-04-22 23:03:05:35 [35mhttp[39m: [35m##### GET /api/v1/users/1 #####[39m
2024-04-22 23:04:41:441 [35mhttp[39m: [35m##### GET /api/v1/users/1 #####[39m
2024-04-22 23:06:47:647 [35mhttp[39m: [35m##### GET /api/v1/users/1 #####[39m
2024-04-22 23:08:43:843 [32minfo[39m: [32mSuccessfully connected to database[39m
2024-04-22 23:08:43:843 [32minfo[39m: [32mListening on port: 4941[39m
2024-04-22 23:08:46:846 [35mhttp[39m: [35m##### GET /api/v1/users/1 #####[39m
2024-04-22 23:09:06:96 [35mhttp[39m: [35m##### PATCH /api/v1/users/21 #####[39m
2024-04-22 23:09:06:96 [31merror[39m: [31mUPDATE `user`[39m
[31m                 SET `email`      = NULL,[39m
[31m                     `first_name` = NULL,[39m
[31m                     `last_name`  = NULL,[39m
[31m                     `password`   = 'e08a5a1878c36974',[39m
[31m                     WHERE `id` = NULL[39m
2024-04-22 23:09:06:96 [31merror[39m: [31mYou have an error in your SQL syntax; check the manual that corresponds to your MySQL server version for the right syntax to use near 'WHERE `id` = NULL' at line 6[39m
2024-04-22 23:11:34:1134 [32minfo[39m: [32mSuccessfully connected to database[39m
2024-04-22 23:11:34:1134 [32minfo[39m: [32mListening on port: 4941[39m
2024-04-22 23:11:37:1137 [35mhttp[39m: [35m##### PATCH /api/v1/users/21 #####[39m
2024-04-22 23:13:00:130 [32minfo[39m: [32mSuccessfully connected to database[39m
2024-04-22 23:13:00:130 [32minfo[39m: [32mListening on port: 4941[39m
2024-04-22 23:13:03:133 [35mhttp[39m: [35m##### PATCH /api/v1/users/21 #####[39m
2024-04-22 23:13:52:1352 [32minfo[39m: [32mSuccessfully connected to database[39m
2024-04-22 23:13:52:1352 [32minfo[39m: [32mListening on port: 4941[39m
2024-04-22 23:13:56:1356 [35mhttp[39m: [35m##### PATCH /api/v1/users/21 #####[39m
2024-04-22 23:17:53:1753 [32minfo[39m: [32mSuccessfully connected to database[39m
2024-04-22 23:17:53:1753 [32minfo[39m: [32mListening on port: 4941[39m
2024-04-22 23:17:54:1754 [35mhttp[39m: [35m##### PATCH /api/v1/users/21 #####[39m
2024-04-22 23:18:16:1816 [31merror[39m: [31mUPDATE `user`[39m
[31m                 SET `email`      = 'mike.wheeler@hawkinsmiddle.school.us',[39m
[31m                     `first_name` = 'Mike',[39m
[31m                     `last_name`  = 'Wheeler',[39m
[31m                     `password`   = '567ceea376c2625e',[39m
[31m                     WHERE `id` = 21[39m
2024-04-22 23:18:16:1816 [31merror[39m: [31mYou have an error in your SQL syntax; check the manual that corresponds to your MySQL server version for the right syntax to use near 'WHERE `id` = 21' at line 6[39m
2024-04-22 23:18:52:1852 [35mhttp[39m: [35m##### PATCH /api/v1/users/21 #####[39m
2024-04-22 23:18:56:1856 [31merror[39m: [31mUPDATE `user`[39m
[31m                 SET `email`      = 'mike.wheeler@hawkinsmiddle.school.us',[39m
[31m                     `first_name` = 'Mike',[39m
[31m                     `last_name`  = 'Wheeler',[39m
[31m                     `password`   = '567ceea376c2625e',[39m
[31m                     WHERE `id` = 21[39m
2024-04-22 23:18:56:1856 [31merror[39m: [31mYou have an error in your SQL syntax; check the manual that corresponds to your MySQL server version for the right syntax to use near 'WHERE `id` = 21' at line 6[39m
2024-04-22 23:19:50:1950 [32minfo[39m: [32mSuccessfully connected to database[39m
2024-04-22 23:19:50:1950 [32minfo[39m: [32mListening on port: 4941[39m
2024-04-22 23:19:51:1951 [35mhttp[39m: [35m##### PATCH /api/v1/users/21 #####[39m
2024-04-22 23:20:01:201 [32minfo[39m: [32mSuccessfully connected to database[39m
2024-04-22 23:20:01:201 [32minfo[39m: [32mListening on port: 4941[39m
2024-04-22 23:22:32:2232 [35mhttp[39m: [35m##### GET /api/v1/users/21 #####[39m
2024-04-22 23:23:11:2311 [35mhttp[39m: [35m##### POST /api/v1/users/login #####[39m
2024-04-22 23:23:11:2311 [32minfo[39m: [32mpassword new secure password => hash 567ceea376c2625e[39m
2024-04-22 23:24:02:242 [35mhttp[39m: [35m##### PUT /api/v1/users/21/image #####[39m
2024-04-22 23:24:04:244 [35mhttp[39m: [35m##### GET /api/v1/users/21/image #####[39m
2024-04-22 23:24:59:2459 [32minfo[39m: [32mSuccessfully connected to database[39m
2024-04-22 23:24:59:2459 [32minfo[39m: [32mListening on port: 4941[39m
2024-04-22 23:24:59:2459 [35mhttp[39m: [35m##### GET /api/v1/users/21/image #####[39m
2024-04-22 23:25:43:2543 [32minfo[39m: [32mSuccessfully connected to database[39m
2024-04-22 23:25:43:2543 [32minfo[39m: [32mListening on port: 4941[39m
2024-04-22 23:25:47:2547 [35mhttp[39m: [35m##### GET /api/v1/users/21/image #####[39m
2024-04-22 23:26:32:2632 [32minfo[39m: [32mSuccessfully connected to database[39m
2024-04-22 23:26:32:2632 [32minfo[39m: [32mListening on port: 4941[39m
2024-04-22 23:26:34:2634 [35mhttp[39m: [35m##### GET /api/v1/users/21/image #####[39m
2024-04-22 23:26:36:2636 [35mhttp[39m: [35m##### GET /api/v1/users/21/image #####[39m
2024-04-22 23:26:37:2637 [35mhttp[39m: [35m##### GET /api/v1/users/21/image #####[39m
2024-04-22 23:26:37:2637 [35mhttp[39m: [35m##### GET /api/v1/users/21/image #####[39m
2024-04-22 23:28:39:2839 [32minfo[39m: [32mSuccessfully connected to database[39m
2024-04-22 23:28:39:2839 [32minfo[39m: [32mListening on port: 4941[39m
2024-04-22 23:28:42:2842 [35mhttp[39m: [35m##### GET /api/v1/heartbeat #####[39m
2024-04-22 23:28:42:2842 [35mhttp[39m: [35m##### POST /api/v1/reset #####[39m
2024-04-22 23:28:42:2842 [32minfo[39m: [32mResetting Database...[39m
2024-04-22 23:28:42:2842 [32minfo[39m: [32mGet imageDirectory[39m
2024-04-22 23:28:42:2842 [35mhttp[39m: [35m##### POST /api/v1/resample #####[39m
2024-04-22 23:28:42:2842 [35mhttp[39m: [35m##### POST /api/v1/executeSql #####[39m
2024-04-22 23:28:42:2842 [35mhttp[39m: [35m##### POST /api/v1/reload #####[39m
2024-04-22 23:28:42:2842 [32minfo[39m: [32mResetting Database...[39m
2024-04-22 23:28:42:2842 [32minfo[39m: [32mGet imageDirectory[39m
2024-04-22 23:28:42:2842 [35mhttp[39m: [35m##### POST /api/v1/users/register #####[39m
2024-04-22 23:28:42:2842 [35mhttp[39m: [35m##### POST /api/v1/users/login #####[39m
2024-04-22 23:28:42:2842 [35mhttp[39m: [35m##### POST /api/v1/users/login #####[39m
2024-04-22 23:28:42:2842 [32minfo[39m: [32mpassword password => hash e08a5a1878c36974[39m
2024-04-22 23:28:42:2842 [35mhttp[39m: [35m##### POST /api/v1/users/register #####[39m
2024-04-22 23:28:42:2842 [35mhttp[39m: [35m##### POST /api/v1/users/register #####[39m
2024-04-22 23:28:42:2842 [35mhttp[39m: [35m##### POST /api/v1/users/register #####[39m
2024-04-22 23:28:42:2842 [35mhttp[39m: [35m##### POST /api/v1/users/register #####[39m
2024-04-22 23:28:42:2842 [31merror[39m: [31mINSERT INTO `user` (`email`, `first_name`, `last_name`, `password`) VALUES ('jXeWxtnx9IBKwrL8vJCX8BjoIFaX0HP3pJGvFHsDRGg2QwKVSbVwg3NPwiwr0onEXIlz3oxaSvSsB2cgsnF7vzNSBaOtRe0YK5S6GI9SM7FFqQjYN5K9UZyeAlKT1hllaN5R0hymnKodY8v38jRdxhCU9NWcsTxViccsClLw18EJzX7q77f4yRMA5jOtWeCUHa7fs8UZWMb1XgyvCeo8e1JNmh73exNBMTB6KDx3NmaWqMYyZCr0q4w3ap1jdC1fz@example.com', 'John', 'Johnson', 'd6554cfc57b9c51d')[39m
2024-04-22 23:28:42:2842 [31merror[39m: [31mData too long for column 'email' at row 1[39m
2024-04-22 23:28:42:2842 [35mhttp[39m: [35m##### POST /api/v1/users/register #####[39m
2024-04-22 23:28:42:2842 [35mhttp[39m: [35m##### GET /api/v1/users/NotANumber #####[39m
2024-04-22 23:28:42:2842 [35mhttp[39m: [35m##### GET /api/v1/users/21 #####[39m
2024-04-22 23:28:42:2842 [35mhttp[39m: [35m##### GET /api/v1/users/1 #####[39m
2024-04-22 23:28:42:2842 [35mhttp[39m: [35m##### PATCH /api/v1/users/NotANumber #####[39m
2024-04-22 23:28:42:2842 [35mhttp[39m: [35m##### PATCH /api/v1/users/21 #####[39m
2024-04-22 23:28:42:2842 [35mhttp[39m: [35m##### PATCH /api/v1/users/21 #####[39m
2024-04-22 23:28:42:2842 [35mhttp[39m: [35m##### PATCH /api/v1/users/21 #####[39m
2024-04-22 23:28:42:2842 [35mhttp[39m: [35m##### PATCH /api/v1/users/21 #####[39m
2024-04-22 23:28:42:2842 [35mhttp[39m: [35m##### PATCH /api/v1/users/21 #####[39m
2024-04-22 23:28:42:2842 [35mhttp[39m: [35m##### POST /api/v1/users/logout #####[39m
2024-04-22 23:28:42:2842 [35mhttp[39m: [35m##### GET /api/v1/users/21 #####[39m
2024-04-22 23:28:42:2842 [35mhttp[39m: [35m##### POST /api/v1/users/login #####[39m
2024-04-22 23:28:42:2842 [32minfo[39m: [32mpassword new secure password => hash 567ceea376c2625e[39m
2024-04-22 23:28:42:2842 [35mhttp[39m: [35m##### POST /api/v1/executeSql #####[39m
2024-04-22 23:28:42:2842 [35mhttp[39m: [35m##### GET /api/v1/users/21/image #####[39m
2024-04-22 23:28:42:2842 [35mhttp[39m: [35m##### PUT /api/v1/users/21/image #####[39m
2024-04-22 23:28:42:2842 [35mhttp[39m: [35m##### GET /api/v1/users/21/image #####[39m
2024-04-22 23:28:42:2842 [35mhttp[39m: [35m##### PUT /api/v1/users/999999999/image #####[39m
2024-04-22 23:28:42:2842 [35mhttp[39m: [35m##### GET /api/v1/users/99999999/image #####[39m
2024-04-22 23:28:42:2842 [35mhttp[39m: [35m##### DELETE /api/v1/users/21/image #####[39m
2024-04-22 23:28:42:2842 [35mhttp[39m: [35m##### DELETE /api/v1/users/NotANumber/image #####[39m
2024-04-22 23:28:42:2842 [35mhttp[39m: [35m##### DELETE /api/v1/users/1/image #####[39m
2024-04-22 23:32:15:3215 [35mhttp[39m: [35m##### GET /api/v1/users/21 #####[39m
2024-04-22 23:35:12:3512 [32minfo[39m: [32mSuccessfully connected to database[39m
2024-04-22 23:35:12:3512 [32minfo[39m: [32mListening on port: 4941[39m
2024-04-22 23:35:15:3515 [35mhttp[39m: [35m##### GET /api/v1/users/21 #####[39m
2024-04-22 23:35:34:3534 [35mhttp[39m: [35m##### GET /api/v1/users/21/image #####[39m
2024-04-22 23:36:30:3630 [32minfo[39m: [32mSuccessfully connected to database[39m
2024-04-22 23:36:30:3630 [32minfo[39m: [32mListening on port: 4941[39m
2024-04-22 23:36:45:3645 [35mhttp[39m: [35m##### GET /api/v1/heartbeat #####[39m
2024-04-22 23:36:45:3645 [35mhttp[39m: [35m##### POST /api/v1/reset #####[39m
2024-04-22 23:36:45:3645 [32minfo[39m: [32mResetting Database...[39m
2024-04-22 23:36:45:3645 [32minfo[39m: [32mGet imageDirectory[39m
2024-04-22 23:36:45:3645 [35mhttp[39m: [35m##### POST /api/v1/resample #####[39m
2024-04-22 23:36:46:3646 [35mhttp[39m: [35m##### POST /api/v1/executeSql #####[39m
2024-04-22 23:36:46:3646 [35mhttp[39m: [35m##### POST /api/v1/reload #####[39m
2024-04-22 23:36:46:3646 [32minfo[39m: [32mResetting Database...[39m
2024-04-22 23:36:46:3646 [32minfo[39m: [32mGet imageDirectory[39m
2024-04-22 23:36:46:3646 [35mhttp[39m: [35m##### POST /api/v1/users/register #####[39m
2024-04-22 23:36:46:3646 [35mhttp[39m: [35m##### POST /api/v1/users/login #####[39m
2024-04-22 23:36:46:3646 [35mhttp[39m: [35m##### POST /api/v1/users/login #####[39m
2024-04-22 23:36:46:3646 [35mhttp[39m: [35m##### POST /api/v1/users/register #####[39m
2024-04-22 23:36:46:3646 [35mhttp[39m: [35m##### POST /api/v1/users/register #####[39m
2024-04-22 23:36:46:3646 [35mhttp[39m: [35m##### POST /api/v1/users/register #####[39m
2024-04-22 23:36:46:3646 [35mhttp[39m: [35m##### POST /api/v1/users/register #####[39m
2024-04-22 23:36:46:3646 [35mhttp[39m: [35m##### POST /api/v1/users/register #####[39m
2024-04-22 23:36:46:3646 [35mhttp[39m: [35m##### GET /api/v1/users/NotANumber #####[39m
2024-04-22 23:36:46:3646 [35mhttp[39m: [35m##### GET /api/v1/users/21 #####[39m
2024-04-22 23:36:46:3646 [35mhttp[39m: [35m##### GET /api/v1/users/1 #####[39m
2024-04-22 23:36:46:3646 [35mhttp[39m: [35m##### PATCH /api/v1/users/NotANumber #####[39m
2024-04-22 23:36:46:3646 [35mhttp[39m: [35m##### PATCH /api/v1/users/21 #####[39m
2024-04-22 23:36:46:3646 [35mhttp[39m: [35m##### PATCH /api/v1/users/21 #####[39m
2024-04-22 23:36:46:3646 [35mhttp[39m: [35m##### PATCH /api/v1/users/21 #####[39m
2024-04-22 23:36:46:3646 [35mhttp[39m: [35m##### PATCH /api/v1/users/21 #####[39m
2024-04-22 23:36:46:3646 [35mhttp[39m: [35m##### PATCH /api/v1/users/21 #####[39m
2024-04-22 23:36:46:3646 [35mhttp[39m: [35m##### POST /api/v1/users/logout #####[39m
2024-04-22 23:36:46:3646 [35mhttp[39m: [35m##### GET /api/v1/users/21 #####[39m
2024-04-22 23:36:46:3646 [35mhttp[39m: [35m##### POST /api/v1/users/login #####[39m
2024-04-22 23:36:46:3646 [35mhttp[39m: [35m##### POST /api/v1/executeSql #####[39m
2024-04-22 23:36:46:3646 [35mhttp[39m: [35m##### GET /api/v1/users/21/image #####[39m
2024-04-22 23:36:46:3646 [35mhttp[39m: [35m##### PUT /api/v1/users/21/image #####[39m
2024-04-22 23:36:46:3646 [35mhttp[39m: [35m##### GET /api/v1/users/21/image #####[39m
2024-04-22 23:36:46:3646 [35mhttp[39m: [35m##### PUT /api/v1/users/999999999/image #####[39m
2024-04-22 23:36:46:3646 [35mhttp[39m: [35m##### GET /api/v1/users/99999999/image #####[39m
2024-04-22 23:36:46:3646 [35mhttp[39m: [35m##### DELETE /api/v1/users/21/image #####[39m
2024-04-22 23:36:46:3646 [35mhttp[39m: [35m##### DELETE /api/v1/users/NotANumber/image #####[39m
2024-04-22 23:36:46:3646 [35mhttp[39m: [35m##### DELETE /api/v1/users/1/image #####[39m
2024-04-22 23:38:01:381 [35mhttp[39m: [35m##### GET /api/v1/heartbeat #####[39m
2024-04-22 23:38:01:381 [35mhttp[39m: [35m##### POST /api/v1/reset #####[39m
2024-04-22 23:38:01:381 [32minfo[39m: [32mResetting Database...[39m
2024-04-22 23:38:01:381 [32minfo[39m: [32mGet imageDirectory[39m
2024-04-22 23:38:01:381 [35mhttp[39m: [35m##### POST /api/v1/resample #####[39m
2024-04-22 23:38:01:381 [35mhttp[39m: [35m##### POST /api/v1/executeSql #####[39m
2024-04-22 23:38:01:381 [35mhttp[39m: [35m##### POST /api/v1/reload #####[39m
2024-04-22 23:38:01:381 [32minfo[39m: [32mResetting Database...[39m
2024-04-22 23:38:01:381 [32minfo[39m: [32mGet imageDirectory[39m
2024-04-22 23:38:02:382 [35mhttp[39m: [35m##### POST /api/v1/users/register #####[39m
2024-04-22 23:38:02:382 [35mhttp[39m: [35m##### POST /api/v1/users/login #####[39m
2024-04-22 23:38:02:382 [35mhttp[39m: [35m##### POST /api/v1/users/login #####[39m
2024-04-22 23:38:02:382 [35mhttp[39m: [35m##### POST /api/v1/users/register #####[39m
2024-04-22 23:38:02:382 [35mhttp[39m: [35m##### POST /api/v1/users/register #####[39m
2024-04-22 23:38:02:382 [35mhttp[39m: [35m##### POST /api/v1/users/register #####[39m
2024-04-22 23:38:02:382 [35mhttp[39m: [35m##### POST /api/v1/users/register #####[39m
2024-04-22 23:38:02:382 [35mhttp[39m: [35m##### POST /api/v1/users/register #####[39m
2024-04-22 23:38:02:382 [35mhttp[39m: [35m##### GET /api/v1/users/NotANumber #####[39m
2024-04-22 23:38:02:382 [35mhttp[39m: [35m##### GET /api/v1/users/21 #####[39m
2024-04-22 23:38:02:382 [35mhttp[39m: [35m##### GET /api/v1/users/1 #####[39m
2024-04-22 23:38:02:382 [35mhttp[39m: [35m##### PATCH /api/v1/users/NotANumber #####[39m
2024-04-22 23:38:02:382 [35mhttp[39m: [35m##### PATCH /api/v1/users/21 #####[39m
2024-04-22 23:38:02:382 [35mhttp[39m: [35m##### PATCH /api/v1/users/21 #####[39m
2024-04-22 23:38:02:382 [35mhttp[39m: [35m##### PATCH /api/v1/users/21 #####[39m
2024-04-22 23:38:02:382 [35mhttp[39m: [35m##### PATCH /api/v1/users/21 #####[39m
2024-04-22 23:38:02:382 [35mhttp[39m: [35m##### PATCH /api/v1/users/21 #####[39m
2024-04-22 23:38:02:382 [35mhttp[39m: [35m##### POST /api/v1/users/logout #####[39m
2024-04-22 23:38:02:382 [35mhttp[39m: [35m##### GET /api/v1/users/21 #####[39m
2024-04-22 23:38:02:382 [35mhttp[39m: [35m##### POST /api/v1/users/login #####[39m
2024-04-22 23:38:02:382 [35mhttp[39m: [35m##### POST /api/v1/executeSql #####[39m
2024-04-22 23:38:02:382 [35mhttp[39m: [35m##### GET /api/v1/users/21/image #####[39m
2024-04-22 23:38:02:382 [35mhttp[39m: [35m##### PUT /api/v1/users/21/image #####[39m
2024-04-22 23:38:02:382 [35mhttp[39m: [35m##### GET /api/v1/users/21/image #####[39m
2024-04-22 23:38:02:382 [35mhttp[39m: [35m##### PUT /api/v1/users/999999999/image #####[39m
2024-04-22 23:38:02:382 [35mhttp[39m: [35m##### GET /api/v1/users/99999999/image #####[39m
2024-04-22 23:38:02:382 [35mhttp[39m: [35m##### DELETE /api/v1/users/21/image #####[39m
2024-04-22 23:38:02:382 [35mhttp[39m: [35m##### DELETE /api/v1/users/NotANumber/image #####[39m
2024-04-22 23:38:02:382 [35mhttp[39m: [35m##### DELETE /api/v1/users/1/image #####[39m
2024-04-22 23:38:23:3823 [35mhttp[39m: [35m##### POST /api/v1/users/register #####[39m
2024-04-22 23:38:46:3846 [32minfo[39m: [32mSuccessfully connected to database[39m
2024-04-22 23:38:46:3846 [32minfo[39m: [32mListening on port: 4941[39m
2024-04-22 23:38:47:3847 [35mhttp[39m: [35m##### POST /api/v1/users/register #####[39m
2024-04-22 23:39:05:395 [32minfo[39m: [32mSuccessfully connected to database[39m
2024-04-22 23:39:05:395 [32minfo[39m: [32mListening on port: 4941[39m
2024-04-22 23:39:09:399 [32minfo[39m: [32mSuccessfully connected to database[39m
2024-04-22 23:39:09:399 [32minfo[39m: [32mListening on port: 4941[39m
2024-04-22 23:39:11:3911 [35mhttp[39m: [35m##### POST /api/v1/users/register #####[39m
2024-04-22 23:39:16:3916 [35mhttp[39m: [35m##### GET /api/v1/heartbeat #####[39m
2024-04-22 23:39:17:3917 [35mhttp[39m: [35m##### POST /api/v1/reset #####[39m
2024-04-22 23:39:17:3917 [32minfo[39m: [32mResetting Database...[39m
2024-04-22 23:39:17:3917 [32minfo[39m: [32mGet imageDirectory[39m
2024-04-22 23:39:17:3917 [35mhttp[39m: [35m##### POST /api/v1/resample #####[39m
2024-04-22 23:39:17:3917 [35mhttp[39m: [35m##### POST /api/v1/executeSql #####[39m
2024-04-22 23:39:17:3917 [35mhttp[39m: [35m##### POST /api/v1/reload #####[39m
2024-04-22 23:39:17:3917 [32minfo[39m: [32mResetting Database...[39m
2024-04-22 23:39:17:3917 [32minfo[39m: [32mGet imageDirectory[39m
2024-04-22 23:39:17:3917 [35mhttp[39m: [35m##### POST /api/v1/users/register #####[39m
2024-04-22 23:39:17:3917 [35mhttp[39m: [35m##### POST /api/v1/users/login #####[39m
2024-04-22 23:39:17:3917 [35mhttp[39m: [35m##### POST /api/v1/users/login #####[39m
2024-04-22 23:39:17:3917 [32minfo[39m: [32mpassword password => hash e08a5a1878c36974[39m
2024-04-22 23:39:17:3917 [35mhttp[39m: [35m##### POST /api/v1/users/register #####[39m
2024-04-22 23:39:17:3917 [35mhttp[39m: [35m##### POST /api/v1/users/register #####[39m
2024-04-22 23:39:17:3917 [35mhttp[39m: [35m##### POST /api/v1/users/register #####[39m
2024-04-22 23:39:17:3917 [35mhttp[39m: [35m##### POST /api/v1/users/register #####[39m
2024-04-22 23:39:17:3917 [35mhttp[39m: [35m##### POST /api/v1/users/register #####[39m
2024-04-22 23:39:17:3917 [35mhttp[39m: [35m##### GET /api/v1/users/NotANumber #####[39m
2024-04-22 23:39:17:3917 [35mhttp[39m: [35m##### GET /api/v1/users/21 #####[39m
2024-04-22 23:39:17:3917 [35mhttp[39m: [35m##### GET /api/v1/users/1 #####[39m
2024-04-22 23:39:17:3917 [35mhttp[39m: [35m##### PATCH /api/v1/users/NotANumber #####[39m
2024-04-22 23:39:17:3917 [35mhttp[39m: [35m##### PATCH /api/v1/users/21 #####[39m
2024-04-22 23:39:17:3917 [35mhttp[39m: [35m##### PATCH /api/v1/users/21 #####[39m
2024-04-22 23:39:17:3917 [35mhttp[39m: [35m##### PATCH /api/v1/users/21 #####[39m
2024-04-22 23:39:17:3917 [35mhttp[39m: [35m##### PATCH /api/v1/users/21 #####[39m
2024-04-22 23:39:17:3917 [35mhttp[39m: [35m##### PATCH /api/v1/users/21 #####[39m
2024-04-22 23:39:17:3917 [35mhttp[39m: [35m##### POST /api/v1/users/logout #####[39m
2024-04-22 23:39:17:3917 [35mhttp[39m: [35m##### GET /api/v1/users/21 #####[39m
2024-04-22 23:39:17:3917 [35mhttp[39m: [35m##### POST /api/v1/users/login #####[39m
2024-04-22 23:39:17:3917 [32minfo[39m: [32mpassword new secure password => hash 567ceea376c2625e[39m
2024-04-22 23:39:17:3917 [35mhttp[39m: [35m##### POST /api/v1/executeSql #####[39m
2024-04-22 23:39:17:3917 [35mhttp[39m: [35m##### GET /api/v1/users/21/image #####[39m
2024-04-22 23:39:17:3917 [35mhttp[39m: [35m##### PUT /api/v1/users/21/image #####[39m
2024-04-22 23:39:17:3917 [35mhttp[39m: [35m##### GET /api/v1/users/21/image #####[39m
2024-04-22 23:39:17:3917 [35mhttp[39m: [35m##### PUT /api/v1/users/999999999/image #####[39m
2024-04-22 23:39:17:3917 [35mhttp[39m: [35m##### GET /api/v1/users/99999999/image #####[39m
2024-04-22 23:39:17:3917 [35mhttp[39m: [35m##### DELETE /api/v1/users/21/image #####[39m
2024-04-22 23:39:17:3917 [35mhttp[39m: [35m##### DELETE /api/v1/users/NotANumber/image #####[39m
2024-04-22 23:39:17:3917 [35mhttp[39m: [35m##### DELETE /api/v1/users/1/image #####[39m
2024-04-22 23:39:39:3939 [35mhttp[39m: [35m##### GET /api/v1/users/21/image #####[39m
2024-04-22 23:40:00:400 [35mhttp[39m: [35m##### GET /api/v1/heartbeat #####[39m
2024-04-22 23:40:00:400 [35mhttp[39m: [35m##### POST /api/v1/reset #####[39m
2024-04-22 23:40:00:400 [32minfo[39m: [32mResetting Database...[39m
2024-04-22 23:40:00:400 [32minfo[39m: [32mGet imageDirectory[39m
2024-04-22 23:40:00:400 [35mhttp[39m: [35m##### POST /api/v1/resample #####[39m
2024-04-22 23:40:00:400 [35mhttp[39m: [35m##### POST /api/v1/executeSql #####[39m
2024-04-22 23:40:00:400 [35mhttp[39m: [35m##### POST /api/v1/reload #####[39m
2024-04-22 23:40:00:400 [32minfo[39m: [32mResetting Database...[39m
2024-04-22 23:40:00:400 [32minfo[39m: [32mGet imageDirectory[39m
2024-04-22 23:40:00:400 [35mhttp[39m: [35m##### POST /api/v1/users/register #####[39m
2024-04-22 23:40:00:400 [35mhttp[39m: [35m##### POST /api/v1/users/login #####[39m
2024-04-22 23:40:00:400 [35mhttp[39m: [35m##### POST /api/v1/users/login #####[39m
2024-04-22 23:40:00:400 [32minfo[39m: [32mpassword password => hash e08a5a1878c36974[39m
2024-04-22 23:40:00:400 [35mhttp[39m: [35m##### POST /api/v1/users/register #####[39m
2024-04-22 23:40:00:400 [35mhttp[39m: [35m##### POST /api/v1/users/register #####[39m
2024-04-22 23:40:00:400 [35mhttp[39m: [35m##### POST /api/v1/users/register #####[39m
2024-04-22 23:40:00:400 [35mhttp[39m: [35m##### POST /api/v1/users/register #####[39m
2024-04-22 23:40:00:400 [35mhttp[39m: [35m##### POST /api/v1/users/register #####[39m
2024-04-22 23:40:00:400 [35mhttp[39m: [35m##### GET /api/v1/users/NotANumber #####[39m
2024-04-22 23:40:00:400 [35mhttp[39m: [35m##### GET /api/v1/users/21 #####[39m
2024-04-22 23:40:00:400 [35mhttp[39m: [35m##### GET /api/v1/users/1 #####[39m
2024-04-22 23:40:00:400 [35mhttp[39m: [35m##### PATCH /api/v1/users/NotANumber #####[39m
2024-04-22 23:40:00:400 [35mhttp[39m: [35m##### PATCH /api/v1/users/21 #####[39m
2024-04-22 23:40:00:400 [35mhttp[39m: [35m##### PATCH /api/v1/users/21 #####[39m
2024-04-22 23:40:00:400 [35mhttp[39m: [35m##### PATCH /api/v1/users/21 #####[39m
2024-04-22 23:40:00:400 [35mhttp[39m: [35m##### PATCH /api/v1/users/21 #####[39m
2024-04-22 23:40:00:400 [35mhttp[39m: [35m##### PATCH /api/v1/users/21 #####[39m
2024-04-22 23:40:00:400 [35mhttp[39m: [35m##### POST /api/v1/users/logout #####[39m
2024-04-22 23:40:00:400 [35mhttp[39m: [35m##### GET /api/v1/users/21 #####[39m
2024-04-22 23:40:01:401 [35mhttp[39m: [35m##### POST /api/v1/users/login #####[39m
2024-04-22 23:40:01:401 [32minfo[39m: [32mpassword new secure password => hash 567ceea376c2625e[39m
2024-04-22 23:40:01:401 [35mhttp[39m: [35m##### POST /api/v1/executeSql #####[39m
2024-04-22 23:40:01:401 [35mhttp[39m: [35m##### GET /api/v1/users/21/image #####[39m
2024-04-22 23:40:01:401 [35mhttp[39m: [35m##### PUT /api/v1/users/21/image #####[39m
2024-04-22 23:40:01:401 [35mhttp[39m: [35m##### GET /api/v1/users/21/image #####[39m
2024-04-22 23:40:01:401 [35mhttp[39m: [35m##### PUT /api/v1/users/999999999/image #####[39m
2024-04-22 23:40:01:401 [35mhttp[39m: [35m##### GET /api/v1/users/99999999/image #####[39m
2024-04-22 23:40:01:401 [35mhttp[39m: [35m##### DELETE /api/v1/users/21/image #####[39m
2024-04-22 23:40:01:401 [35mhttp[39m: [35m##### DELETE /api/v1/users/NotANumber/image #####[39m
2024-04-22 23:40:01:401 [35mhttp[39m: [35m##### DELETE /api/v1/users/1/image #####[39m
2024-04-22 23:40:01:401 [35mhttp[39m: [35m##### GET /api/v1/petitions #####[39m
2024-04-22 23:40:01:401 [35mhttp[39m: [35m##### GET /api/v1/petitions #####[39m
2024-04-22 23:40:01:401 [35mhttp[39m: [35m##### GET /api/v1/petitions #####[39m
2024-04-22 23:40:01:401 [35mhttp[39m: [35m##### GET /api/v1/petitions #####[39m
2024-04-22 23:40:01:401 [35mhttp[39m: [35m##### GET /api/v1/petitions #####[39m
2024-04-22 23:40:01:401 [35mhttp[39m: [35m##### GET /api/v1/petitions #####[39m
2024-04-22 23:40:01:401 [35mhttp[39m: [35m##### GET /api/v1/petitions #####[39m
2024-04-22 23:40:01:401 [35mhttp[39m: [35m##### GET /api/v1/petitions #####[39m
2024-04-22 23:40:01:401 [35mhttp[39m: [35m##### GET /api/v1/petitions #####[39m
2024-04-22 23:40:01:401 [35mhttp[39m: [35m##### GET /api/v1/petitions #####[39m
2024-04-22 23:40:01:401 [35mhttp[39m: [35m##### GET /api/v1/petitions #####[39m
2024-04-22 23:40:01:401 [35mhttp[39m: [35m##### GET /api/v1/petitions/1 #####[39m
2024-04-22 23:40:01:401 [35mhttp[39m: [35m##### GET /api/v1/petitions/9999 #####[39m
2024-04-22 23:40:01:401 [31merror[39m: [31mCannot read properties of null (reading 'id')[39m
2024-04-22 23:40:01:401 [35mhttp[39m: [35m##### GET /api/v1/petitions/categories #####[39m
2024-04-22 23:40:01:401 [35mhttp[39m: [35m##### POST /api/v1/petitions #####[39m
2024-04-22 23:40:01:401 [31merror[39m: [31mCannot use 'in' operator to search for 'title' in undefined[39m
2024-04-22 23:40:01:401 [35mhttp[39m: [35m##### POST /api/v1/petitions #####[39m
2024-04-22 23:40:01:401 [31merror[39m: [31mCannot use 'in' operator to search for 'title' in undefined[39m
2024-04-22 23:40:01:401 [35mhttp[39m: [35m##### POST /api/v1/petitions #####[39m
2024-04-22 23:40:01:401 [31merror[39m: [31mCannot use 'in' operator to search for 'title' in undefined[39m
2024-04-22 23:40:01:401 [35mhttp[39m: [35m##### POST /api/v1/petitions #####[39m
2024-04-22 23:40:01:401 [31merror[39m: [31mCannot use 'in' operator to search for 'title' in undefined[39m
2024-04-22 23:40:01:401 [35mhttp[39m: [35m##### POST /api/v1/petitions #####[39m
2024-04-22 23:40:01:401 [35mhttp[39m: [35m##### POST /api/v1/petitions #####[39m
2024-04-22 23:40:01:401 [31merror[39m: [31mCannot use 'in' operator to search for 'title' in undefined[39m
2024-04-22 23:40:01:401 [35mhttp[39m: [35m##### POST /api/v1/petitions #####[39m
2024-04-22 23:40:01:401 [31merror[39m: [31mCannot use 'in' operator to search for 'title' in undefined[39m
2024-04-22 23:40:01:401 [35mhttp[39m: [35m##### PATCH /api/v1/petitions/1 #####[39m
2024-04-22 23:40:01:401 [35mhttp[39m: [35m##### PATCH /api/v1/petitions/%7B%7Bpost_petition_id%7D%7D #####[39m
2024-04-22 23:40:01:401 [35mhttp[39m: [35m##### PATCH /api/v1/petitions/%7B%7Bpost_petition_id%7D%7D #####[39m
2024-04-22 23:40:01:401 [35mhttp[39m: [35m##### PATCH /api/v1/petitions/%7B%7Bpost_petition_id%7D%7D #####[39m
2024-04-22 23:40:01:401 [35mhttp[39m: [35m##### PATCH /api/v1/petitions/not_an_id #####[39m
2024-04-22 23:40:01:401 [35mhttp[39m: [35m##### PATCH /api/v1/petitions/%7B%7Bpost_petition_id%7D%7D #####[39m
2024-04-22 23:40:01:401 [35mhttp[39m: [35m##### GET /api/v1/petitions/%7B%7Bpost_petition_id%7D%7D #####[39m
2024-04-22 23:40:01:401 [35mhttp[39m: [35m##### PATCH /api/v1/petitions/%7B%7Bpost_petition_id%7D%7D #####[39m
2024-04-22 23:40:01:401 [35mhttp[39m: [35m##### GET /api/v1/petitions/%7B%7Bpost_petition_id%7D%7D #####[39m
2024-04-22 23:40:01:401 [35mhttp[39m: [35m##### DELETE /api/v1/petitions/9999 #####[39m
2024-04-22 23:40:01:401 [31merror[39m: [31mCannot read properties of null (reading 'ownerId')[39m
2024-04-22 23:40:01:401 [35mhttp[39m: [35m##### POST /api/v1/executeSql #####[39m
2024-04-22 23:40:01:401 [35mhttp[39m: [35m##### DELETE /api/v1/petitions/12345 #####[39m
2024-04-22 23:40:01:401 [35mhttp[39m: [35m##### DELETE /api/v1/petitions/%7B%7Bpost_petition_id%7D%7D #####[39m
2024-04-22 23:40:01:401 [35mhttp[39m: [35m##### POST /api/v1/petitions #####[39m
2024-04-22 23:40:01:401 [31merror[39m: [31mCannot use 'in' operator to search for 'title' in undefined[39m
2024-04-22 23:40:01:401 [35mhttp[39m: [35m##### GET /api/v1/petitions/%7B%7Bpost_petition_id%7D%7D #####[39m
2024-04-22 23:40:01:401 [35mhttp[39m: [35m##### PUT /api/v1/petitions/not_an_id/supportTiers #####[39m
2024-04-22 23:40:01:401 [35mhttp[39m: [35m##### PUT /api/v1/petitions/9999/supportTiers #####[39m
2024-04-22 23:40:01:401 [35mhttp[39m: [35m##### PUT /api/v1/petitions/%7B%7Bpost_petition_id%7D%7D/supportTiers #####[39m
2024-04-22 23:40:01:401 [35mhttp[39m: [35m##### PUT /api/v1/petitions/%7B%7Bpost_petition_id%7D%7D/supportTiers #####[39m
2024-04-22 23:40:01:401 [35mhttp[39m: [35m##### PUT /api/v1/petitions/%7B%7Bpost_petition_id%7D%7D/supportTiers #####[39m
2024-04-22 23:40:01:401 [35mhttp[39m: [35m##### POST /api/v1/petitions #####[39m
2024-04-22 23:40:01:401 [31merror[39m: [31mCannot use 'in' operator to search for 'title' in undefined[39m
2024-04-22 23:40:01:401 [35mhttp[39m: [35m##### PUT /api/v1/petitions/%7B%7Bpost_petition_3_support_tiers_id%7D%7D/supportTiers #####[39m
2024-04-22 23:40:01:401 [35mhttp[39m: [35m##### PATCH /api/v1/petitions/1/supportTiers/1 #####[39m
2024-04-22 23:40:01:401 [35mhttp[39m: [35m##### PATCH /api/v1/petitions/%7B%7Bpost_petition_id%7D%7D/supportTiers/%7B%7Bpost_petition_support_tier_id%7D%7D #####[39m
2024-04-22 23:40:02:402 [35mhttp[39m: [35m##### PATCH /api/v1/petitions/%7B%7Bpost_petition_id%7D%7D/supportTiers/%7B%7Bpost_petition_support_tier_id%7D%7D #####[39m
2024-04-22 23:40:02:402 [35mhttp[39m: [35m##### PATCH /api/v1/petitions/%7B%7Bpost_petition_id%7D%7D/supportTiers/%7B%7Bpost_petition_support_tier_id%7D%7D #####[39m
2024-04-22 23:40:02:402 [35mhttp[39m: [35m##### GET /api/v1/petitions/%7B%7Bpost_petition_id%7D%7D #####[39m
2024-04-22 23:40:02:402 [35mhttp[39m: [35m##### PATCH /api/v1/petitions/%7B%7Bpost_petition_id%7D%7D/supportTiers/%7B%7Bpost_petition_support_tier_id%7D%7D #####[39m
2024-04-22 23:40:02:402 [35mhttp[39m: [35m##### GET /api/v1/petitions/%7B%7Bpost_petition_id%7D%7D #####[39m
2024-04-22 23:40:02:402 [35mhttp[39m: [35m##### POST /api/v1/executeSql #####[39m
2024-04-22 23:40:02:402 [35mhttp[39m: [35m##### PATCH /api/v1/petitions/123456/supportTiers/123456 #####[39m
2024-04-22 23:40:02:402 [35mhttp[39m: [35m##### DELETE /api/v1/petitions/not_a_number/supportTiers/%7B%7Bpost_petition_support_tier_id%7D%7D #####[39m
2024-04-22 23:40:02:402 [35mhttp[39m: [35m##### DELETE /api/v1/petitions/123456/supportTiers/123457 #####[39m
2024-04-22 23:40:02:402 [35mhttp[39m: [35m##### DELETE /api/v1/petitions/%7B%7Bpost_petition_id%7D%7D/supportTiers/9999 #####[39m
2024-04-22 23:40:02:402 [35mhttp[39m: [35m##### DELETE /api/v1/petitions/%7B%7Bpost_petition_id%7D%7D/supportTiers/%7B%7Bpost_petition_support_tier_id%7D%7D #####[39m
2024-04-22 23:40:02:402 [35mhttp[39m: [35m##### GET /api/v1/petitions/1/supporters #####[39m
2024-04-22 23:40:02:402 [31merror[39m: [31mCannot read properties of null (reading 'id')[39m
2024-04-22 23:40:02:402 [35mhttp[39m: [35m##### POST /api/v1/petitions/not_an_id/supporters #####[39m
2024-04-22 23:40:02:402 [35mhttp[39m: [35m##### POST /api/v1/petitions/1/supporters #####[39m
2024-04-22 23:40:02:402 [35mhttp[39m: [35m##### POST /api/v1/petitions/1/supporters #####[39m
2024-04-22 23:40:02:402 [35mhttp[39m: [35m##### POST /api/v1/petitions/1/supporters #####[39m
2024-04-22 23:40:02:402 [31merror[39m: [31mINSERT INTO `supporter` (`petition_id`, `support_tier_id`, `user_id`, `message`, `timestamp`) VALUES (1, 1, 21, 'example message', '2024-04-22 23:40:02.276')[39m
2024-04-22 23:40:02:402 [31merror[39m: [31mDuplicate entry '1-21' for key 'supporter.support_tier_id'[39m
2024-04-22 23:40:02:402 [35mhttp[39m: [35m##### POST /api/v1/petitions/1/supporters #####[39m
2024-04-22 23:40:02:402 [35mhttp[39m: [35m##### GET /api/v1/petitions/1/image #####[39m
2024-04-22 23:40:02:402 [35mhttp[39m: [35m##### GET /api/v1/petitions/%7B%7Bpost_petition_id%7D%7D/image #####[39m
2024-04-22 23:40:02:402 [35mhttp[39m: [35m##### PUT /api/v1/petitions/%7B%7Bpost_petition_id%7D%7D/image #####[39m
2024-04-22 23:40:02:402 [35mhttp[39m: [35m##### GET /api/v1/petitions/%7B%7Bpost_petition_id%7D%7D/image #####[39m
2024-04-22 23:40:02:402 [35mhttp[39m: [35m##### PUT /api/v1/petitions/%7B%7Bpost_petition_id%7D%7D/image #####[39m
2024-04-22 23:40:02:402 [35mhttp[39m: [35m##### GET /api/v1/petitions/%7B%7Bpost_petition_id%7D%7D/image #####[39m
2024-04-22 23:40:02:402 [35mhttp[39m: [35m##### PUT /api/v1/petitions/%7B%7Bpost_petition_id%7D%7D/image #####[39m
